<?xml version="1.0" encoding="UTF-8" ?>
<testsuite errors="0" failures="1" hostname="error404" name="test.ControladoraTest" skipped="0" tests="4" time="1.928" timestamp="2025-10-21T04:27:36">
  <properties>
[...]
</properties>
  <testcase classname="test.ControladoraTest" name="validarUsuarioInexistente" time="1.566" />
  <testcase classname="test.ControladoraTest" name="buscoRol" time="0.101">
    <failure message="expected:&lt;colaborador&gt; but was:&lt;null&gt;" type="junit.framework.AssertionFailedError">junit.framework.AssertionFailedError: expected:&lt;colaborador&gt; but was:&lt;null&gt;
	at test.ControladoraTest.buscoRol(ControladoraTest.java:97)
	at java.base/jdk.internal.reflect.DirectMethodHandleAccessor.invoke(DirectMethodHandleAccessor.java:103)
</failure>
  </testcase>
  <testcase classname="test.ControladoraTest" name="validarUsuarioExistenteYClaveIncorrecta" time="0.093" />
  <testcase classname="test.ControladoraTest" name="validarUsuarioExistenteYClaveCorrecta" time="0.089" />
  <system-out><![CDATA[[EL Info]: 2025-10-21 01:27:37.0--ServerSession(844112759)--EclipseLink, version: Eclipse Persistence Services - 2.7.12.v20230209-e5c4074ef3
[EL Warning]: 2025-10-21 01:27:37.978--ServerSession(844112759)--Exception [EclipseLink-4002] (Eclipse Persistence Services - 2.7.12.v20230209-e5c4074ef3): org.eclipse.persistence.exceptions.DatabaseException
Internal Exception: java.sql.SQLException: Duplicate foreign key constraint name 'FK_CATEGORIA_padre_id'
Error Code: 1826
Call: ALTER TABLE CATEGORIA ADD CONSTRAINT FK_CATEGORIA_padre_id FOREIGN KEY (padre_id) REFERENCES CATEGORIA (ID)
Query: DataModifyQuery(sql="ALTER TABLE CATEGORIA ADD CONSTRAINT FK_CATEGORIA_padre_id FOREIGN KEY (padre_id) REFERENCES CATEGORIA (ID)")
[EL Warning]: 2025-10-21 01:27:37.982--ServerSession(844112759)--Exception [EclipseLink-4002] (Eclipse Persistence Services - 2.7.12.v20230209-e5c4074ef3): org.eclipse.persistence.exceptions.DatabaseException
Internal Exception: java.sql.SQLException: Duplicate foreign key constraint name 'FK_PROPUESTA_proponente_id'
Error Code: 1826
Call: ALTER TABLE PROPUESTA ADD CONSTRAINT FK_PROPUESTA_proponente_id FOREIGN KEY (proponente_id) REFERENCES USUARIO (NICKNAME)
Query: DataModifyQuery(sql="ALTER TABLE PROPUESTA ADD CONSTRAINT FK_PROPUESTA_proponente_id FOREIGN KEY (proponente_id) REFERENCES USUARIO (NICKNAME)")
[EL Warning]: 2025-10-21 01:27:37.985--ServerSession(844112759)--Exception [EclipseLink-4002] (Eclipse Persistence Services - 2.7.12.v20230209-e5c4074ef3): org.eclipse.persistence.exceptions.DatabaseException
Internal Exception: java.sql.SQLException: Duplicate foreign key constraint name 'FK_COLABORACION_colaborador_id'
Error Code: 1826
Call: ALTER TABLE COLABORACION ADD CONSTRAINT FK_COLABORACION_colaborador_id FOREIGN KEY (colaborador_id) REFERENCES USUARIO (NICKNAME)
Query: DataModifyQuery(sql="ALTER TABLE COLABORACION ADD CONSTRAINT FK_COLABORACION_colaborador_id FOREIGN KEY (colaborador_id) REFERENCES USUARIO (NICKNAME)")
[EL Warning]: 2025-10-21 01:27:37.988--ServerSession(844112759)--Exception [EclipseLink-4002] (Eclipse Persistence Services - 2.7.12.v20230209-e5c4074ef3): org.eclipse.persistence.exceptions.DatabaseException
Internal Exception: java.sql.SQLException: Duplicate foreign key constraint name 'FK_HISTORIALESTADO_propuesta_titulo'
Error Code: 1826
Call: ALTER TABLE HISTORIALESTADO ADD CONSTRAINT FK_HISTORIALESTADO_propuesta_titulo FOREIGN KEY (propuesta_titulo) REFERENCES PROPUESTA (TITULO)
Query: DataModifyQuery(sql="ALTER TABLE HISTORIALESTADO ADD CONSTRAINT FK_HISTORIALESTADO_propuesta_titulo FOREIGN KEY (propuesta_titulo) REFERENCES PROPUESTA (TITULO)")
[EL Warning]: 2025-10-21 01:27:37.991--ServerSession(844112759)--Exception [EclipseLink-4002] (Eclipse Persistence Services - 2.7.12.v20230209-e5c4074ef3): org.eclipse.persistence.exceptions.DatabaseException
Internal Exception: java.sql.SQLException: Duplicate foreign key constraint name 'FK_USUARIO_PROPUESTA_usuario_NICKNAME'
Error Code: 1826
Call: ALTER TABLE USUARIO_PROPUESTA ADD CONSTRAINT FK_USUARIO_PROPUESTA_usuario_NICKNAME FOREIGN KEY (usuario_NICKNAME) REFERENCES USUARIO (NICKNAME)
Query: DataModifyQuery(sql="ALTER TABLE USUARIO_PROPUESTA ADD CONSTRAINT FK_USUARIO_PROPUESTA_usuario_NICKNAME FOREIGN KEY (usuario_NICKNAME) REFERENCES USUARIO (NICKNAME)")
[EL Warning]: 2025-10-21 01:27:37.994--ServerSession(844112759)--Exception [EclipseLink-4002] (Eclipse Persistence Services - 2.7.12.v20230209-e5c4074ef3): org.eclipse.persistence.exceptions.DatabaseException
Internal Exception: java.sql.SQLException: Duplicate foreign key constraint name 'FK_USUARIO_USUARIO_seguidos_NICKNAME'
Error Code: 1826
Call: ALTER TABLE USUARIO_USUARIO ADD CONSTRAINT FK_USUARIO_USUARIO_seguidos_NICKNAME FOREIGN KEY (seguidos_NICKNAME) REFERENCES USUARIO (NICKNAME)
Query: DataModifyQuery(sql="ALTER TABLE USUARIO_USUARIO ADD CONSTRAINT FK_USUARIO_USUARIO_seguidos_NICKNAME FOREIGN KEY (seguidos_NICKNAME) REFERENCES USUARIO (NICKNAME)")
[EL Warning]: 2025-10-21 01:27:37.997--ServerSession(844112759)--Exception [EclipseLink-4002] (Eclipse Persistence Services - 2.7.12.v20230209-e5c4074ef3): org.eclipse.persistence.exceptions.DatabaseException
Internal Exception: java.sql.SQLException: Duplicate foreign key constraint name 'FK_USUARIO_COLABORACION_colaborador_NICKNAME'
Error Code: 1826
Call: ALTER TABLE USUARIO_COLABORACION ADD CONSTRAINT FK_USUARIO_COLABORACION_colaborador_NICKNAME FOREIGN KEY (colaborador_NICKNAME) REFERENCES USUARIO (NICKNAME)
Query: DataModifyQuery(sql="ALTER TABLE USUARIO_COLABORACION ADD CONSTRAINT FK_USUARIO_COLABORACION_colaborador_NICKNAME FOREIGN KEY (colaborador_NICKNAME) REFERENCES USUARIO (NICKNAME)")
]]></system-out>
  <system-err><![CDATA[]]></system-err>
</testsuite>
